Installation Angular 14 done at Wed Jul 20 06:34:26 UTC 2022 !
Installation Angular 14 done at Wed Jul 20 06:41:01 UTC 2022 !
Installation Angular 14 done at Wed Jul 20 06:43:16 UTC 2022 !
Installation Angular 14 done at Wed Jul 20 06:45:06 UTC 2022 !
Installation Angular 14 done at Wed Jul 20 06:46:59 UTC 2022 !
Installation Angular 14 done at Wed Jul 20 06:51:00 UTC 2022 !
Installation Angular 14 done at Wed Jul 20 12:50:57 UTC 2022 !
Installation Angular 14 done at Sun Jul 24 11:15:59 UTC 2022 !
Installation Angular 14 done at Mon Jul 25 18:40:41 UTC 2022 !
Installation Angular 14 done at Thu Jul 28 19:52:10 UTC 2022 !
Installation Angular 14 done at Fri Jul 29 07:01:32 UTC 2022 !
Installation Angular 14 done at Fri Jul 29 12:56:39 UTC 2022 !
Installation Angular 14 done at Sat Jul 30 14:58:46 UTC 2022 !
Installation Angular 14 done at Sun Jul 31 12:46:02 UTC 2022 !
Installation Angular 14 done at Sun Jul 31 13:42:41 UTC 2022 !
Installation Angular 14 done at Sun Jul 31 20:43:22 UTC 2022 !
Installation Angular 14 done at Mon Aug  1 19:00:55 UTC 2022 !
Installation Angular 14 done at Thu Aug  4 13:55:45 UTC 2022 !
Installation Angular 14 done at Fri Aug  5 11:26:40 UTC 2022 !
Installation Angular 14 done at Fri Aug  5 13:16:40 UTC 2022 !
Installation Angular 14 done at Sat Aug  6 13:26:58 UTC 2022 !
Installation Angular 14 done at Mon Aug  8 09:39:35 UTC 2022 !
Installation Angular 14 done at Mon Aug  8 11:46:13 UTC 2022 !
Installation Angular 14 done at Mon Aug  8 13:07:27 UTC 2022 !
Installation Angular 14 done at Mon Aug  8 16:00:33 UTC 2022 !
Installation Angular 14 done at Mon Aug  8 16:16:35 UTC 2022 !
Installation Angular 14 done at Wed Aug 10 11:35:59 UTC 2022 !
Installation Angular 14 done at Fri Aug 12 09:55:56 UTC 2022 !
Installation Angular 14 done at Mon Aug 15 12:15:28 UTC 2022 !
Installation Angular 14 done at Tue Aug 16 10:23:58 UTC 2022 !
Installation Angular 14 done at Thu Aug 18 07:36:19 UTC 2022 !
Installation Angular 14 done at Thu Aug 18 13:16:44 UTC 2022 !
Installation Angular 14 done at Thu Aug 18 19:24:01 UTC 2022 !
Installation Angular 14 done at Fri Aug 19 20:03:28 UTC 2022 !
Installation Angular 14 done at Sat Aug 20 19:59:50 UTC 2022 !
Installation Angular 14 done at Tue Aug 23 13:35:48 UTC 2022 !
Installation Angular 14 done at Tue Aug 23 13:40:39 UTC 2022 !
Installation Angular 14 done at Tue Aug 23 13:59:13 UTC 2022 !
Installation Angular 14 done at Tue Aug 23 14:04:40 UTC 2022 !
Installation Angular 14 done at Tue Aug 23 14:09:31 UTC 2022 !
Installation Angular 14 done at Tue Aug 23 19:57:12 UTC 2022 !
Installation Angular 14 done at Tue Aug 23 20:55:26 UTC 2022 !
Installation Angular 14 done at Tue Aug 23 20:59:08 UTC 2022 !
Installation Angular 14 done at Tue Aug 23 21:03:41 UTC 2022 !
Installation Angular 14 done at Wed Aug 24 10:05:19 UTC 2022 !
Installation Angular 14 done at Wed Aug 24 10:06:32 UTC 2022 !
Installation Angular 14 done at Thu Aug 25 08:14:59 UTC 2022 !
Installation Angular 14 done at Thu Aug 25 10:53:33 UTC 2022 !
Installation Angular 14 done at Thu Aug 25 20:12:09 UTC 2022 !
Installation Angular 14 done at Thu Aug 25 20:21:07 UTC 2022 !
Installation Angular 14 done at Thu Aug 25 20:25:20 UTC 2022 !
Installation Angular 14 done at Thu Aug 25 20:36:27 UTC 2022 !
Installation Angular 14 done at Thu Aug 25 20:41:46 UTC 2022 !
Installation Angular 14 done at Thu Aug 25 20:47:43 UTC 2022 !
Installation Angular 14 done at Thu Aug 25 20:51:58 UTC 2022 !
Installation Angular 14 done at Thu Aug 25 20:53:47 UTC 2022 !
Installation Angular 14 done at Thu Aug 25 21:03:39 UTC 2022 !
Installation Angular 14 done at Thu Aug 25 21:12:25 UTC 2022 !
Installation Angular 14 done at Thu Aug 25 21:16:56 UTC 2022 !
Installation Angular 14 done at Thu Aug 25 22:04:48 UTC 2022 !
Installation Angular 14 done at Fri Aug 26 11:38:56 UTC 2022 !
Installation Angular 14 done at Fri Aug 26 18:35:15 UTC 2022 !
Installation Angular 14 done at Sat Aug 27 13:25:46 UTC 2022 !
Installation Angular 14 done at Sun Aug 28 11:26:14 UTC 2022 !
Installation Angular 14 done at Sun Aug 28 19:48:57 UTC 2022 !
Installation Angular 14 done at Mon Aug 29 14:24:07 UTC 2022 !
Installation Angular 14 done at Mon Aug 29 19:14:57 UTC 2022 !
Installation Angular 14 done at Tue Aug 30 06:46:02 UTC 2022 !
Installation Angular 14 done at Tue Aug 30 19:17:41 UTC 2022 !
Installation Angular 14 done at Fri Sep  2 08:37:00 UTC 2022 !
Installation Angular 14 done at Fri Sep  2 18:48:06 UTC 2022 !
Installation Angular 14 done at Sat Sep  3 12:43:12 UTC 2022 !
Installation Angular 14 done at Sat Sep  3 20:06:38 UTC 2022 !
Installation Angular 14 done at Sat Sep  3 21:54:07 UTC 2022 !
Installation Angular 14 done at Sat Sep  3 21:58:03 UTC 2022 !
Installation Angular 14 done at Sat Sep  3 22:02:44 UTC 2022 !
Installation Angular 14 done at Sat Sep  3 22:07:10 UTC 2022 !
Installation Angular 14 done at Sat Sep  3 22:13:45 UTC 2022 !
Installation Angular 14 done at Thu Sep  8 19:46:33 UTC 2022 !
Installation Angular 14 done at Thu Sep  8 19:56:26 UTC 2022 !
Installation Angular 14 done at Thu Sep  8 20:07:15 UTC 2022 !
Installation Angular 14 done at Fri Sep  9 19:26:04 UTC 2022 !
Installation Angular 14 done at Sat Sep 10 12:25:36 UTC 2022 !
Installation Angular 14 done at Sat Sep 10 13:43:50 UTC 2022 !
Installation Angular 14 done at Sun Sep 11 11:25:22 UTC 2022 !
Installation Angular 14 done at Sun Sep 11 13:47:25 UTC 2022 !
Installation Angular 14 done at Tue Sep 27 19:25:47 UTC 2022 !
Installation Angular 14 done at Tue Sep 27 19:40:48 UTC 2022 !
Installation Angular 14 done at Tue Sep 27 20:40:31 UTC 2022 !
Installation Angular 14 done at Thu Sep 29 21:10:54 UTC 2022 !
Installation Angular 14 done at Thu Sep 29 21:12:07 UTC 2022 !
